Start testing: Apr 11 12:14 BST
----------------------------------------------------------
1/1 Testing: Test_all
1/1 Test: Test_all
Command: "/home/SnairBeat/Real_Time/SnAIRbeat/run_tests"
Directory: /home/SnairBeat/Real_Time/SnAIRbeat/tests
"Test_all" start time: Apr 11 12:14 BST
Output:
----------------------------------------------------------
Running main() from ./googletest/src/gtest_main.cc
[==========] Running 2 tests from 1 test suite.
[----------] Global test environment set-up.
[----------] 2 tests from MathsTests
[ RUN      ] MathsTests.TestQuadraticSumTrueAboveThreshold
ERROR: File doesn't exist or otherwise can't load file
src/libs/ALSAPlayer/include/CrashCymbal.wav
Error loading file: src/libs/ALSAPlayer/include/CrashCymbal.wav
ERROR: File doesn't exist or otherwise can't load file
src/libs/ALSAPlayer/include/HighTom.wav
Error loading file: src/libs/ALSAPlayer/include/HighTom.wav
ERROR: File doesn't exist or otherwise can't load file
src/libs/ALSAPlayer/include/SnareDrum.wav
Error loading file: src/libs/ALSAPlayer/include/SnareDrum.wav
[       OK ] MathsTests.TestQuadraticSumTrueAboveThreshold (0 ms)
[ RUN      ] MathsTests.TestQuadraticSumFalseBelowThreshold
ERROR: File doesn't exist or otherwise can't load file
src/libs/ALSAPlayer/include/CrashCymbal.wav
Error loading file: src/libs/ALSAPlayer/include/CrashCymbal.wav
ERROR: File doesn't exist or otherwise can't load file
src/libs/ALSAPlayer/include/HighTom.wav
Error loading file: src/libs/ALSAPlayer/include/HighTom.wav
ERROR: File doesn't exist or otherwise can't load file
src/libs/ALSAPlayer/include/SnareDrum.wav
Error loading file: src/libs/ALSAPlayer/include/SnareDrum.wav
/home/SnairBeat/Real_Time/SnAIRbeat/tests/MathsTests.cpp:30: Failure
Value of: maths.QuadraticSum(x, y, z)
  Actual: false
Expected: true
[  FAILED  ] MathsTests.TestQuadraticSumFalseBelowThreshold (0 ms)
[----------] 2 tests from MathsTests (0 ms total)

[----------] Global test environment tear-down
[==========] 2 tests from 1 test suite ran. (0 ms total)
[  PASSED  ] 1 test.
[  FAILED  ] 1 test, listed below:
[  FAILED  ] MathsTests.TestQuadraticSumFalseBelowThreshold

 1 FAILED TEST
<end of output>
Test time =   0.00 sec
----------------------------------------------------------
Test Failed.
"Test_all" end time: Apr 11 12:14 BST
"Test_all" time elapsed: 00:00:00
----------------------------------------------------------

End testing: Apr 11 12:14 BST
